・ゲームシーケンス
	起動
	メニュー画面
		タップでゲーム画面へ
	ゲーム画面
		カウントダウンが開始（3秒）
		カウントダウン中、画面タップにより移動する旨を表示
		カウントダウン終了後、一定時間ごとに上からドロップが落ちてくる。
			ドロップは種類に応じて独自の動きを行う
			ドロップとキャラクターが重なる（接触）すると、ゲーム終了
			ドロップが消滅した際、消滅したドロップに応じてスコアに加算
		時間経過によってもスコアが加算される。
		時間経過によってドロップの種類（難易度）が変化する。
		
		ドロップ接触によるゲーム終了により、リトライ画面が表示される
			ゲーム画面のオーバーレイ
			リトライを押すとゲーム画面へ戻る
			ツイートボタンも設置予定
				ツイートボタン以外の領域タップでリトライ

・開発用語
> 随時追加していく
ドロップ	Drop	マップ上部より落ちてくる障害物。
スクリーン	Screen	遷移する画面
ウェルカムスクリーン	WelcomeScreen	最初のメニュー画面
プレイスクリーン	PlayScreen	ゲームプレイ画面
リトライパネル	RetryPanel	リトライ画面。プレイスクリーン上に重ねて表示されるため、スクリーンと異なる概念にした
フェイズ	Phase	ドロップの動作状態。各種ドロップが各フェイズにて独自の動作をする。（持っているフェイズの種類はすべて同じ）
生成	Generate	ドロップが作成され、各フェイズを実行していく。
準備フェイズ	SetupPhase	生成後、ドロップが落下し始めるまでのフェイズ
起動フェイズ	InvokePhase	ドロップが落下し始めるフェイズ
着弾フェイズ	LandPhase	ドロップの落下が終了（地面に衝突）した後のフェイズ
消滅フェイズ	DestructPhase	ドロップが消滅し、スコア加算するフェイズ

・ドロップの種類
＞ドロップは、
＞生成->準備->落下中行動->落下後行動->消滅のインタフェースをそれぞれ持つ。
りんご

・必要素材
ドロップ
	種類ごとに必要
	最低5つはほしい
	フェイズによって変異する（追加のエフェクト素材とか）が必要になる
キャラクター
	牛
	左（右向き）が1枚（反転してもう1枚も作る）
	死亡絵もほしい（骨とか）
背景
	地面と森
文字
	タイトル
	tap to start

	3 2 1 start （カウントダウン）
	スコア(0-9)

	game over
	retry
	tweet


・開発チケット
チケット管理は、より良いツールがあれば検討する（今回はこのファイルベースで良い）

・開発に必要な画像素材をすべて利用することができる
・9末までにリリース可能な実装の設計を参照することができる
